[2025-07-19 21:10:06] local.ERROR: filemtime(): stat failed for /mnt/c/xampp81/htdocs/aljeri-joil-yaseer-o3mhigh/.env {"exception":"[object] (ErrorException(code: 0): filemtime(): stat failed for /mnt/c/xampp81/htdocs/aljeri-joil-yaseer-o3mhigh/.env at /mnt/c/xampp81/htdocs/aljeri-joil-yaseer-o3mhigh/vendor/laravel/framework/src/Illuminate/Foundation/Console/ServeCommand.php:102)
[stacktrace]
#0 /mnt/c/xampp81/htdocs/aljeri-joil-yaseer-o3mhigh/vendor/laravel/framework/src/Illuminate/Foundation/Bootstrap/HandleExceptions.php(255): Illuminate\\Foundation\\Bootstrap\\HandleExceptions->handleError()
#1 [internal function]: Illuminate\\Foundation\\Bootstrap\\HandleExceptions->Illuminate\\Foundation\\Bootstrap\\{closure}()
#2 /mnt/c/xampp81/htdocs/aljeri-joil-yaseer-o3mhigh/vendor/laravel/framework/src/Illuminate/Foundation/Console/ServeCommand.php(102): filemtime()
#3 /mnt/c/xampp81/htdocs/aljeri-joil-yaseer-o3mhigh/vendor/laravel/framework/src/Illuminate/Container/BoundMethod.php(36): Illuminate\\Foundation\\Console\\ServeCommand->handle()
#4 /mnt/c/xampp81/htdocs/aljeri-joil-yaseer-o3mhigh/vendor/laravel/framework/src/Illuminate/Container/Util.php(41): Illuminate\\Container\\BoundMethod::Illuminate\\Container\\{closure}()
#5 /mnt/c/xampp81/htdocs/aljeri-joil-yaseer-o3mhigh/vendor/laravel/framework/src/Illuminate/Container/BoundMethod.php(93): Illuminate\\Container\\Util::unwrapIfClosure()
#6 /mnt/c/xampp81/htdocs/aljeri-joil-yaseer-o3mhigh/vendor/laravel/framework/src/Illuminate/Container/BoundMethod.php(35): Illuminate\\Container\\BoundMethod::callBoundMethod()
#7 /mnt/c/xampp81/htdocs/aljeri-joil-yaseer-o3mhigh/vendor/laravel/framework/src/Illuminate/Container/Container.php(662): Illuminate\\Container\\BoundMethod::call()
#8 /mnt/c/xampp81/htdocs/aljeri-joil-yaseer-o3mhigh/vendor/laravel/framework/src/Illuminate/Console/Command.php(211): Illuminate\\Container\\Container->call()
#9 /mnt/c/xampp81/htdocs/aljeri-joil-yaseer-o3mhigh/vendor/symfony/console/Command/Command.php(326): Illuminate\\Console\\Command->execute()
#10 /mnt/c/xampp81/htdocs/aljeri-joil-yaseer-o3mhigh/vendor/laravel/framework/src/Illuminate/Console/Command.php(180): Symfony\\Component\\Console\\Command\\Command->run()
#11 /mnt/c/xampp81/htdocs/aljeri-joil-yaseer-o3mhigh/vendor/symfony/console/Application.php(1096): Illuminate\\Console\\Command->run()
#12 /mnt/c/xampp81/htdocs/aljeri-joil-yaseer-o3mhigh/vendor/symfony/console/Application.php(324): Symfony\\Component\\Console\\Application->doRunCommand()
#13 /mnt/c/xampp81/htdocs/aljeri-joil-yaseer-o3mhigh/vendor/symfony/console/Application.php(175): Symfony\\Component\\Console\\Application->doRun()
#14 /mnt/c/xampp81/htdocs/aljeri-joil-yaseer-o3mhigh/vendor/laravel/framework/src/Illuminate/Foundation/Console/Kernel.php(201): Symfony\\Component\\Console\\Application->run()
#15 /mnt/c/xampp81/htdocs/aljeri-joil-yaseer-o3mhigh/artisan(35): Illuminate\\Foundation\\Console\\Kernel->handle()
#16 {main}
"} 
